<?xml version="1.0" encoding="UTF-8"?>
<!-- Generated by org.testng.reporters.JUnitReportReporter -->
<testsuite hostname="Sainath" failures="0" tests="1" name="com.automation.concepts.FluentWaitDemo" time="10.664" errors="0" timestamp="2024-04-26T23:53:43 IST" skipped="0">
  <testcase classname="com.automation.concepts.FluentWaitDemo" name="testFluentWait" time="10.664"/>
  <system-out/>
</testsuite> <!-- com.automation.concepts.FluentWaitDemo -->
