<?xml version="1.0" encoding="UTF-8"?>
<!-- Generated by org.testng.reporters.JUnitReportReporter -->
<testsuite hostname="Sainath" failures="0" tests="1" name="com.automation.concepts.iFrame" time="8.627" errors="0" timestamp="2024-04-27T03:03:57 IST" skipped="0">
  <testcase classname="com.automation.concepts.iFrame" name="testIframe" time="8.627"/>
  <system-out/>
</testsuite> <!-- com.automation.concepts.iFrame -->
