<?xml version="1.0" encoding="UTF-8"?>
<!-- Generated by org.testng.reporters.JUnitReportReporter -->
<testsuite hostname="Sainath" failures="0" tests="1" name="com.automation.concepts.MultiWindows" time="76.078" errors="0" timestamp="2024-04-27T02:43:22 IST" skipped="0">
  <testcase classname="com.automation.concepts.MultiWindows" name="testMultipleWindows" time="76.078"/>
  <system-out/>
</testsuite> <!-- com.automation.concepts.MultiWindows -->
