<?xml version="1.0" encoding="UTF-8"?>
<!-- Generated by org.testng.reporters.JUnitReportReporter -->
<testsuite hostname="Sainath" failures="0" tests="1" name="com.automation.concepts.SelectTest" time="20.254" errors="0" timestamp="2024-04-27T03:27:09 IST" skipped="0">
  <testcase classname="com.automation.concepts.SelectTest" name="testSelect" time="20.254"/>
  <system-out/>
</testsuite> <!-- com.automation.concepts.SelectTest -->
