<?xml version="1.0" encoding="UTF-8"?>
<!-- Generated by org.testng.reporters.JUnitReportReporter -->
<testsuite hostname="Sainath" failures="0" tests="1" name="com.automation.concepts.JSExecutorScrollDemo" time="8.795" errors="0" timestamp="2024-04-27T01:26:53 IST" skipped="0">
  <testcase classname="com.automation.concepts.JSExecutorScrollDemo" name="testJSExecutor" time="8.795"/>
  <system-out/>
</testsuite> <!-- com.automation.concepts.JSExecutorScrollDemo -->
