<?xml version="1.0" encoding="UTF-8"?>
<!-- Generated by org.testng.reporters.JUnitReportReporter -->
<testsuite hostname="Sainath" failures="0" tests="1" name="com.automation.concepts.FileUpload" time="58.982" errors="0" timestamp="2024-04-26T22:36:47 IST" skipped="0">
  <testcase classname="com.automation.concepts.FileUpload" name="testFileUpload" time="58.982"/>
  <system-out/>
</testsuite> <!-- com.automation.concepts.FileUpload -->
