<?xml version="1.0" encoding="UTF-8"?>
<!-- Generated by org.testng.reporters.JUnitReportReporter -->
<testsuite hostname="Sainath" failures="0" tests="1" name="com.automation.concepts.JSExecutor" time="7.047" errors="0" timestamp="2024-04-27T00:53:58 IST" skipped="0">
  <testcase classname="com.automation.concepts.JSExecutor" name="testJsExecutor" time="7.047"/>
  <system-out/>
</testsuite> <!-- com.automation.concepts.JSExecutor -->
