<?xml version="1.0" encoding="UTF-8"?>
<!-- Generated by org.testng.reporters.JUnitReportReporter -->
<testsuite hostname="Sainath" failures="0" tests="1" name="com.automation.concepts.FileUploadRobot" time="47.538" errors="0" timestamp="2024-04-26T23:39:55 IST" skipped="0">
  <testcase classname="com.automation.concepts.FileUploadRobot" name="testFileUpload" time="47.538"/>
  <system-out/>
</testsuite> <!-- com.automation.concepts.FileUploadRobot -->
