<?xml version="1.0" encoding="UTF-8"?>
<!-- Generated by org.testng.reporters.JUnitReportReporter -->
<testsuite hostname="Sainath" failures="0" tests="3" name="com.automation.concepts.Alerts" time="87.262" errors="0" timestamp="2024-04-26T21:04:42 IST" skipped="0">
  <testcase classname="com.automation.concepts.Alerts" name="acceptAlert" time="35.960"/>
  <system-out/>
  <testcase classname="com.automation.concepts.Alerts" name="sendKeys" time="9.471"/>
  <system-out/>
  <testcase classname="com.automation.concepts.Alerts" name="dismissAlert" time="41.831"/>
  <system-out/>
</testsuite> <!-- com.automation.concepts.Alerts -->
