<?xml version="1.0" encoding="UTF-8"?>
<!-- Generated by org.testng.reporters.JUnitReportReporter -->
<testsuite hostname="Sainath" failures="0" tests="1" name="com.automation.concepts.ImplicitWaitDemo" time="10.007" errors="0" timestamp="2024-04-27T00:32:28 IST" skipped="0">
  <testcase classname="com.automation.concepts.ImplicitWaitDemo" name="testImplicitWait" time="10.007"/>
  <system-out/>
</testsuite> <!-- com.automation.concepts.ImplicitWaitDemo -->
