<?xml version="1.0" encoding="UTF-8"?>
<!-- Generated by org.testng.reporters.JUnitReportReporter -->
<testsuite hostname="Sainath" failures="0" tests="1" name="com.automation.concepts.ActionsClass" time="2.552" errors="0" timestamp="2024-04-26T19:07:11 IST" skipped="0">
  <testcase classname="com.automation.concepts.ActionsClass" name="upperCaseLowerCaseLetters" time="2.552"/>
  <system-out/>
</testsuite> <!-- com.automation.concepts.ActionsClass -->
